This is LuaHBTeX, Version 1.17.0 (TeX Live 2023/Fedora 40)  (format=lualatex 2024.8.17)  22 SEP 2024 22:43
 system commands enabled.
**\def\tikzexternalrealjob{main}\input{main}
Lua module: luaotfload 2022-10-03 3.23 Lua based OpenType font support
Lua module: lualibs 2022-10-04 2.75 ConTeXt Lua standard libraries.
Lua module: lualibs-extended 2022-10-04 2.75 ConTeXt Lua libraries -- extended collection.
luaotfload | conf : Root cache directory is "/home/cristian/.texlive2023/texmf-var/luatex-cache/generic/names".
luaotfload | init : Loading fontloader "fontloader-2022-10-03.lua" from kpse-resolved path "/usr/share/texlive/texmf-dist/tex/luatex/luaotfload/fontloader-2022-10-03.lua".
Lua-only attribute luaotfload@noligature = 1
luaotfload | init : Context OpenType loader version 3.120
Inserting `luaotfload.node_processor' in `pre_linebreak_filter'.
Inserting `luaotfload.node_processor' in `hpack_filter'.
Inserting `luaotfload.glyph_stream' in `glyph_stream_provider'.
Inserting `luaotfload.define_font' in `define_font'.
Lua-only attribute luaotfload_color_attribute = 2
luaotfload | conf : Root cache directory is "/home/cristian/.texlive2023/texmf-var/luatex-cache/generic/names".
Inserting `luaotfload.harf.strip_prefix' in `find_opentype_file'.
Inserting `luaotfload.harf.strip_prefix' in `find_truetype_file'.
Removing  `luaotfload.glyph_stream' from `glyph_stream_provider'.
Inserting `luaotfload.harf.glyphstream' in `glyph_stream_provider'.
Inserting `luaotfload.harf.finalize_vlist' in `post_linebreak_filter'.
Inserting `luaotfload.harf.finalize_hlist' in `hpack_filter'.
Inserting `luaotfload.cleanup_files' in `wrapup_run'.
Inserting `luaotfload.harf.finalize_unicode' in `finish_pdffile'.
Inserting `luaotfload.glyphinfo' in `glyph_info'.
Lua-only attribute luaotfload.letterspace_done = 3
Inserting `luaotfload.aux.set_sscale_dimens' in `luaotfload.patch_font'.
Inserting `luaotfload.aux.set_font_index' in `luaotfload.patch_font'.
Inserting `luaotfload.aux.patch_cambria_domh' in `luaotfload.patch_font'.
Inserting `luaotfload.aux.fixup_fontdata' in `luaotfload.patch_font_unsafe'.
Inserting `luaotfload.aux.set_capheight' in `luaotfload.patch_font'.
Inserting `luaotfload.aux.set_xheight' in `luaotfload.patch_font'.
Inserting `luaotfload.rewrite_fontname' in `luaotfload.patch_font'.
Inserting `tracingstacklevels' in `input_level_string'.
(./main.tex (/usr/share/texlive/texmf-dist/tex/latex/base/book.cls
Document Class: book 2022/07/02 v1.4n Standard LaTeX document class
(/usr/share/texlive/texmf-dist/tex/latex/base/bk12.clo
File: bk12.clo 2022/07/02 v1.4n Standard LaTeX file (size option)
luaotfload | db : Font names database loaded from /home/cristian/.texlive2023/te
xmf-var/luatex-cache/generic/names/luaotfload-names.luc.gz)
\c@part=\count183
\c@chapter=\count184
\c@section=\count185
\c@subsection=\count186
\c@subsubsection=\count187
\c@paragraph=\count188
\c@subparagraph=\count189
\c@figure=\count190
\c@table=\count191
\abovecaptionskip=\skip48
\belowcaptionskip=\skip49
\bibindent=\dimen139
) (./TesisElectricaUTP.sty (/usr/share/texlive/texmf-dist/tex/latex/amsmath/ams
math.sty
Package: amsmath 2022/04/08 v2.17n AMS math features
\@mathmargin=\skip50
For additional information on amsmath, use the `?' option.
(/usr/share/texlive/texmf-dist/tex/latex/amsmath/amstext.sty
Package: amstext 2021/08/26 v2.01 AMS text
(/usr/share/texlive/texmf-dist/tex/latex/amsmath/amsgen.sty
File: amsgen.sty 1999/11/30 v2.0 generic functions
\@emptytoks=\toks16
\ex@=\dimen140
)) (/usr/share/texlive/texmf-dist/tex/latex/amsmath/amsbsy.sty
Package: amsbsy 1999/11/29 v1.2d Bold Symbols
\pmbraise@=\dimen141
) (/usr/share/texlive/texmf-dist/tex/latex/amsmath/amsopn.sty
Package: amsopn 2022/04/08 v2.04 operator names
)
\inf@bad=\count192
LaTeX Info: Redefining \frac on input line 236.
\uproot@=\count193
\leftroot@=\count194
LaTeX Info: Redefining \overline on input line 399.
LaTeX Info: Redefining \colon on input line 410.
\classnum@=\count195
\DOTSCASE@=\count196
LaTeX Info: Redefining \ldots on input line 496.
LaTeX Info: Redefining \dots on input line 499.
LaTeX Info: Redefining \cdots on input line 620.
\Mathstrutbox@=\box51
\strutbox@=\box52
LaTeX Info: Redefining \big on input line 722.
LaTeX Info: Redefining \Big on input line 723.
LaTeX Info: Redefining \bigg on input line 724.
LaTeX Info: Redefining \Bigg on input line 725.
\big@size=\dimen142
LaTeX Font Info:    Redeclaring font encoding OML on input line 743.
LaTeX Font Info:    Redeclaring font encoding OMS on input line 744.
\macc@depth=\count197
LaTeX Info: Redefining \bmod on input line 905.
LaTeX Info: Redefining \pmod on input line 910.
LaTeX Info: Redefining \smash on input line 940.
LaTeX Info: Redefining \relbar on input line 970.
LaTeX Info: Redefining \Relbar on input line 971.
\c@MaxMatrixCols=\count198
\dotsspace@=\muskip16
\c@parentequation=\count199
\dspbrk@lvl=\count266
\tag@help=\toks17
\row@=\count267
\column@=\count268
\maxfields@=\count269
\andhelp@=\toks18
\eqnshift@=\dimen143
\alignsep@=\dimen144
\tagshift@=\dimen145
\tagwidth@=\dimen146
\totwidth@=\dimen147
\lineht@=\dimen148
\@envbody=\toks19
\multlinegap=\skip51
\multlinetaggap=\skip52
\mathdisplay@stack=\toks20
LaTeX Info: Redefining \[ on input line 2953.
LaTeX Info: Redefining \] on input line 2954.
) (/usr/share/texlive/texmf-dist/tex/latex/amsfonts/amsfonts.sty
Package: amsfonts 2013/01/14 v3.01 Basic AMSFonts support
\symAMSa=\mathgroup4
\symAMSb=\mathgroup5
LaTeX Font Info:    Redeclaring math symbol \hbar on input line 98.
LaTeX Font Info:    Overwriting math alphabet `\mathfrak' in version `bold'
(Font)                  U/euf/m/n --> U/euf/b/n on input line 106.
) (/usr/share/texlive/texmf-dist/tex/latex/amsfonts/amssymb.sty
Package: amssymb 2013/01/14 v3.01 AMS font symbols
) (/usr/share/texlive/texmf-dist/tex/latex/graphics/graphicx.sty
Package: graphicx 2021/09/16 v1.2d Enhanced LaTeX Graphics (DPC,SPQR)
(/usr/share/texlive/texmf-dist/tex/latex/graphics/keyval.sty
Package: keyval 2022/05/29 v1.15 key=value parser (DPC)
\KV@toks@=\toks21
) (/usr/share/texlive/texmf-dist/tex/latex/graphics/graphics.sty
Package: graphics 2022/03/10 v1.4e Standard LaTeX Graphics (DPC,SPQR)
(/usr/share/texlive/texmf-dist/tex/latex/graphics/trig.sty
Package: trig 2021/08/11 v1.11 sin cos tan (DPC)
) (/usr/share/texlive/texmf-dist/tex/latex/graphics-cfg/graphics.cfg
File: graphics.cfg 2016/06/04 v1.11 sample graphics configuration
)
Package graphics Info: Driver file: luatex.def on input line 107.
(/usr/share/texlive/texmf-dist/tex/latex/graphics-def/luatex.def
File: luatex.def 2022/09/22 v1.2d Graphics/color driver for luatex
))
\Gin@req@height=\dimen149
\Gin@req@width=\dimen150
) (/usr/share/texlive/texmf-dist/tex/latex/graphics/color.sty
Package: color 2022/01/06 v1.3d Standard LaTeX Color (DPC)
(/usr/share/texlive/texmf-dist/tex/latex/graphics-cfg/color.cfg
File: color.cfg 2016/01/02 v1.6 sample color configuration
)
Package color Info: Driver file: luatex.def on input line 149.
(/usr/share/texlive/texmf-dist/tex/latex/graphics/mathcolor.ltx)) (/usr/share/t
exlive/texmf-dist/tex/latex/pdfpages/pdfpages.sty
Package: pdfpages 2022/12/19 v0.5x Insert pages of external PDF documents (AM)
(/usr/share/texlive/texmf-dist/tex/latex/base/ifthen.sty
Package: ifthen 2022/04/13 v1.1d Standard LaTeX ifthen package (DPC)
) (/usr/share/texlive/texmf-dist/tex/latex/tools/calc.sty
Package: calc 2017/05/25 v4.3 Infix arithmetic (KKT,FJ)
\calc@Acount=\count270
\calc@Bcount=\count271
\calc@Adimen=\dimen151
\calc@Bdimen=\dimen152
\calc@Askip=\skip53
\calc@Bskip=\skip54
LaTeX Info: Redefining \setlength on input line 80.
LaTeX Info: Redefining \addtolength on input line 81.
\calc@Ccount=\count272
\calc@Cskip=\skip55
) (/usr/share/texlive/texmf-dist/tex/latex/eso-pic/eso-pic.sty
Package: eso-pic 2020/10/14 v3.0a eso-pic (RN)
\ESO@tempdima=\dimen153
\ESO@tempdimb=\dimen154
)
\AM@pagewidth=\dimen155
\AM@pageheight=\dimen156
\AM@fboxrule=\dimen157
(/usr/share/texlive/texmf-dist/tex/latex/pdfpages/ppluatex.def
File: ppluatex.def 2022/12/19 v0.5x Pdfpages driver for LuaTeX (AM)
)
\pdfpages@includegraphics@status=\count273
\AM@pagebox=\box53
\AM@global@opts=\toks22
\AM@pagecnt=\count274
\AM@toc@title=\toks23
\AM@lof@heading=\toks24
\c@AM@survey=\count275
\AM@templatesizebox=\box54
) (/usr/share/texlive/texmf-dist/tex/latex/pgf/frontendlayer/tikz.sty (/usr/sha
re/texlive/texmf-dist/tex/latex/pgf/basiclayer/pgf.sty (/usr/share/texlive/texm
f-dist/tex/latex/pgf/utilities/pgfrcs.sty (/usr/share/texlive/texmf-dist/tex/ge
neric/pgf/utilities/pgfutil-common.tex
\pgfutil@everybye=\toks25
\pgfutil@tempdima=\dimen158
\pgfutil@tempdimb=\dimen159
) (/usr/share/texlive/texmf-dist/tex/generic/pgf/utilities/pgfutil-latex.def
\pgfutil@abb=\box55
) (/usr/share/texlive/texmf-dist/tex/generic/pgf/utilities/pgfrcs.code.tex (/us
r/share/texlive/texmf-dist/tex/generic/pgf/pgf.revision.tex)
Package: pgfrcs 2023-01-15 v3.1.10 (3.1.10)
))
Package: pgf 2023-01-15 v3.1.10 (3.1.10)
(/usr/share/texlive/texmf-dist/tex/latex/pgf/basiclayer/pgfcore.sty (/usr/share
/texlive/texmf-dist/tex/latex/pgf/systemlayer/pgfsys.sty (/usr/share/texlive/te
xmf-dist/tex/generic/pgf/systemlayer/pgfsys.code.tex
Package: pgfsys 2023-01-15 v3.1.10 (3.1.10)
(/usr/share/texlive/texmf-dist/tex/generic/pgf/utilities/pgfkeys.code.tex
\pgfkeys@pathtoks=\toks26
\pgfkeys@temptoks=\toks27

(/usr/share/texlive/texmf-dist/tex/generic/pgf/utilities/pgfkeyslibraryfiltered
.code.tex
\pgfkeys@tmptoks=\toks28
))
\pgf@x=\dimen160
\pgf@y=\dimen161
\pgf@xa=\dimen162
\pgf@ya=\dimen163
\pgf@xb=\dimen164
\pgf@yb=\dimen165
\pgf@xc=\dimen166
\pgf@yc=\dimen167
\pgf@xd=\dimen168
\pgf@yd=\dimen169
\w@pgf@writea=\write3
\r@pgf@reada=\read2
\c@pgf@counta=\count276
\c@pgf@countb=\count277
\c@pgf@countc=\count278
\c@pgf@countd=\count279
\t@pgf@toka=\toks29
\t@pgf@tokb=\toks30
\t@pgf@tokc=\toks31
\pgf@sys@id@count=\count280
(/usr/share/texlive/texmf-dist/tex/generic/pgf/systemlayer/pgf.cfg
File: pgf.cfg 2023-01-15 v3.1.10 (3.1.10)
)
Driver file for pgf: pgfsys-luatex.def
(/usr/share/texlive/texmf-dist/tex/generic/pgf/systemlayer/pgfsys-luatex.def
File: pgfsys-luatex.def 2023-01-15 v3.1.10 (3.1.10)

(/usr/share/texlive/texmf-dist/tex/generic/pgf/systemlayer/pgfsys-common-pdf.de
f
File: pgfsys-common-pdf.def 2023-01-15 v3.1.10 (3.1.10)
)))
(/usr/share/texlive/texmf-dist/tex/generic/pgf/systemlayer/pgfsyssoftpath.code.
tex
File: pgfsyssoftpath.code.tex 2023-01-15 v3.1.10 (3.1.10)
\pgfsyssoftpath@smallbuffer@items=\count281
\pgfsyssoftpath@bigbuffer@items=\count282
)
(/usr/share/texlive/texmf-dist/tex/generic/pgf/systemlayer/pgfsysprotocol.code.
tex
File: pgfsysprotocol.code.tex 2023-01-15 v3.1.10 (3.1.10)
)) (/usr/share/texlive/texmf-dist/tex/latex/xcolor/xcolor.sty
Package: xcolor 2022/06/12 v2.14 LaTeX color extensions (UK)
(/usr/share/texlive/texmf-dist/tex/latex/graphics-cfg/color.cfg
File: color.cfg 2016/01/02 v1.6 sample color configuration
)
Package xcolor Info: Driver file: luatex.def on input line 227.
LaTeX Info: Redefining \color on input line 711.
(/usr/share/texlive/texmf-dist/tex/latex/graphics/mathcolor.ltx)
Package xcolor Info: Model `cmy' substituted by `cmy0' on input line 1353.
Package xcolor Info: Model `hsb' substituted by `rgb' on input line 1357.
Package xcolor Info: Model `RGB' extended on input line 1369.
Package xcolor Info: Model `HTML' substituted by `rgb' on input line 1371.
Package xcolor Info: Model `Hsb' substituted by `hsb' on input line 1372.
Package xcolor Info: Model `tHsb' substituted by `hsb' on input line 1373.
Package xcolor Info: Model `HSB' substituted by `hsb' on input line 1374.
Package xcolor Info: Model `Gray' substituted by `gray' on input line 1375.
Package xcolor Info: Model `wave' substituted by `hsb' on input line 1376.
) (/usr/share/texlive/texmf-dist/tex/generic/pgf/basiclayer/pgfcore.code.tex
Package: pgfcore 2023-01-15 v3.1.10 (3.1.10)
(/usr/share/texlive/texmf-dist/tex/generic/pgf/math/pgfmath.code.tex (/usr/shar
e/texlive/texmf-dist/tex/generic/pgf/math/pgfmathutil.code.tex) (/usr/share/tex
live/texmf-dist/tex/generic/pgf/math/pgfmathparser.code.tex
\pgfmath@dimen=\dimen170
\pgfmath@count=\count283
\pgfmath@box=\box56
\pgfmath@toks=\toks32
\pgfmath@stack@operand=\toks33
\pgfmath@stack@operation=\toks34
) (/usr/share/texlive/texmf-dist/tex/generic/pgf/math/pgfmathfunctions.code.tex
)
(/usr/share/texlive/texmf-dist/tex/generic/pgf/math/pgfmathfunctions.basic.code
.tex)
(/usr/share/texlive/texmf-dist/tex/generic/pgf/math/pgfmathfunctions.trigonomet
ric.code.tex)
(/usr/share/texlive/texmf-dist/tex/generic/pgf/math/pgfmathfunctions.random.cod
e.tex)
(/usr/share/texlive/texmf-dist/tex/generic/pgf/math/pgfmathfunctions.comparison
.code.tex)
(/usr/share/texlive/texmf-dist/tex/generic/pgf/math/pgfmathfunctions.base.code.
tex)
(/usr/share/texlive/texmf-dist/tex/generic/pgf/math/pgfmathfunctions.round.code
.tex)
(/usr/share/texlive/texmf-dist/tex/generic/pgf/math/pgfmathfunctions.misc.code.
tex)
(/usr/share/texlive/texmf-dist/tex/generic/pgf/math/pgfmathfunctions.integerari
thmetics.code.tex) (/usr/share/texlive/texmf-dist/tex/generic/pgf/math/pgfmathc
alc.code.tex) (/usr/share/texlive/texmf-dist/tex/generic/pgf/math/pgfmathfloat.
code.tex
\c@pgfmathroundto@lastzeros=\count284
)) (/usr/share/texlive/texmf-dist/tex/generic/pgf/math/pgfint.code.tex)
(/usr/share/texlive/texmf-dist/tex/generic/pgf/basiclayer/pgfcorepoints.code.te
x
File: pgfcorepoints.code.tex 2023-01-15 v3.1.10 (3.1.10)
\pgf@picminx=\dimen171
\pgf@picmaxx=\dimen172
\pgf@picminy=\dimen173
\pgf@picmaxy=\dimen174
\pgf@pathminx=\dimen175
\pgf@pathmaxx=\dimen176
\pgf@pathminy=\dimen177
\pgf@pathmaxy=\dimen178
\pgf@xx=\dimen179
\pgf@xy=\dimen180
\pgf@yx=\dimen181
\pgf@yy=\dimen182
\pgf@zx=\dimen183
\pgf@zy=\dimen184
)
(/usr/share/texlive/texmf-dist/tex/generic/pgf/basiclayer/pgfcorepathconstruct.
code.tex
File: pgfcorepathconstruct.code.tex 2023-01-15 v3.1.10 (3.1.10)
\pgf@path@lastx=\dimen185
\pgf@path@lasty=\dimen186
)
(/usr/share/texlive/texmf-dist/tex/generic/pgf/basiclayer/pgfcorepathusage.code
.tex
File: pgfcorepathusage.code.tex 2023-01-15 v3.1.10 (3.1.10)
\pgf@shorten@end@additional=\dimen187
\pgf@shorten@start@additional=\dimen188
)
(/usr/share/texlive/texmf-dist/tex/generic/pgf/basiclayer/pgfcorescopes.code.te
x
File: pgfcorescopes.code.tex 2023-01-15 v3.1.10 (3.1.10)
\pgfpic=\box57
\pgf@hbox=\box58
\pgf@layerbox@main=\box59
\pgf@picture@serial@count=\count285
)
(/usr/share/texlive/texmf-dist/tex/generic/pgf/basiclayer/pgfcoregraphicstate.c
ode.tex
File: pgfcoregraphicstate.code.tex 2023-01-15 v3.1.10 (3.1.10)
\pgflinewidth=\dimen189
)
(/usr/share/texlive/texmf-dist/tex/generic/pgf/basiclayer/pgfcoretransformation
s.code.tex
File: pgfcoretransformations.code.tex 2023-01-15 v3.1.10 (3.1.10)
\pgf@pt@x=\dimen190
\pgf@pt@y=\dimen191
\pgf@pt@temp=\dimen192
)
(/usr/share/texlive/texmf-dist/tex/generic/pgf/basiclayer/pgfcorequick.code.tex
File: pgfcorequick.code.tex 2023-01-15 v3.1.10 (3.1.10)
)
(/usr/share/texlive/texmf-dist/tex/generic/pgf/basiclayer/pgfcoreobjects.code.t
ex
File: pgfcoreobjects.code.tex 2023-01-15 v3.1.10 (3.1.10)
)
(/usr/share/texlive/texmf-dist/tex/generic/pgf/basiclayer/pgfcorepathprocessing
.code.tex
File: pgfcorepathprocessing.code.tex 2023-01-15 v3.1.10 (3.1.10)
)
(/usr/share/texlive/texmf-dist/tex/generic/pgf/basiclayer/pgfcorearrows.code.te
x
File: pgfcorearrows.code.tex 2023-01-15 v3.1.10 (3.1.10)
\pgfarrowsep=\dimen193
)
(/usr/share/texlive/texmf-dist/tex/generic/pgf/basiclayer/pgfcoreshade.code.tex
File: pgfcoreshade.code.tex 2023-01-15 v3.1.10 (3.1.10)
\pgf@max=\dimen194
\pgf@sys@shading@range@num=\count286
\pgf@shadingcount=\count287
)
(/usr/share/texlive/texmf-dist/tex/generic/pgf/basiclayer/pgfcoreimage.code.tex
File: pgfcoreimage.code.tex 2023-01-15 v3.1.10 (3.1.10)
)
(/usr/share/texlive/texmf-dist/tex/generic/pgf/basiclayer/pgfcoreexternal.code.
tex
File: pgfcoreexternal.code.tex 2023-01-15 v3.1.10 (3.1.10)
\pgfexternal@startupbox=\box60
)
(/usr/share/texlive/texmf-dist/tex/generic/pgf/basiclayer/pgfcorelayers.code.te
x
File: pgfcorelayers.code.tex 2023-01-15 v3.1.10 (3.1.10)
)
(/usr/share/texlive/texmf-dist/tex/generic/pgf/basiclayer/pgfcoretransparency.c
ode.tex
File: pgfcoretransparency.code.tex 2023-01-15 v3.1.10 (3.1.10)
)
(/usr/share/texlive/texmf-dist/tex/generic/pgf/basiclayer/pgfcorepatterns.code.
tex
File: pgfcorepatterns.code.tex 2023-01-15 v3.1.10 (3.1.10)
) (/usr/share/texlive/texmf-dist/tex/generic/pgf/basiclayer/pgfcorerdf.code.tex
File: pgfcorerdf.code.tex 2023-01-15 v3.1.10 (3.1.10)
)))
(/usr/share/texlive/texmf-dist/tex/generic/pgf/modules/pgfmoduleshapes.code.tex
File: pgfmoduleshapes.code.tex 2023-01-15 v3.1.10 (3.1.10)
\pgfnodeparttextbox=\box61
) (/usr/share/texlive/texmf-dist/tex/generic/pgf/modules/pgfmoduleplot.code.tex
File: pgfmoduleplot.code.tex 2023-01-15 v3.1.10 (3.1.10)
)
(/usr/share/texlive/texmf-dist/tex/latex/pgf/compatibility/pgfcomp-version-0-65
.sty
Package: pgfcomp-version-0-65 2023-01-15 v3.1.10 (3.1.10)
\pgf@nodesepstart=\dimen195
\pgf@nodesepend=\dimen196
)
(/usr/share/texlive/texmf-dist/tex/latex/pgf/compatibility/pgfcomp-version-1-18
.sty
Package: pgfcomp-version-1-18 2023-01-15 v3.1.10 (3.1.10)
)) (/usr/share/texlive/texmf-dist/tex/latex/pgf/utilities/pgffor.sty (/usr/shar
e/texlive/texmf-dist/tex/latex/pgf/utilities/pgfkeys.sty (/usr/share/texlive/te
xmf-dist/tex/generic/pgf/utilities/pgfkeys.code.tex)) (/usr/share/texlive/texmf
-dist/tex/latex/pgf/math/pgfmath.sty (/usr/share/texlive/texmf-dist/tex/generic
/pgf/math/pgfmath.code.tex)) (/usr/share/texlive/texmf-dist/tex/generic/pgf/uti
lities/pgffor.code.tex
Package: pgffor 2023-01-15 v3.1.10 (3.1.10)
\pgffor@iter=\dimen197
\pgffor@skip=\dimen198
\pgffor@stack=\toks35
\pgffor@toks=\toks36
))
(/usr/share/texlive/texmf-dist/tex/generic/pgf/frontendlayer/tikz/tikz.code.tex
Package: tikz 2023-01-15 v3.1.10 (3.1.10)

(/usr/share/texlive/texmf-dist/tex/generic/pgf/libraries/pgflibraryplothandlers
.code.tex
File: pgflibraryplothandlers.code.tex 2023-01-15 v3.1.10 (3.1.10)
\pgf@plot@mark@count=\count288
\pgfplotmarksize=\dimen199
)
\tikz@lastx=\dimen256
\tikz@lasty=\dimen257
\tikz@lastxsaved=\dimen258
\tikz@lastysaved=\dimen259
\tikz@lastmovetox=\dimen260
\tikz@lastmovetoy=\dimen261
\tikzleveldistance=\dimen262
\tikzsiblingdistance=\dimen263
\tikz@figbox=\box62
\tikz@figbox@bg=\box63
\tikz@tempbox=\box64
\tikz@tempbox@bg=\box65
\tikztreelevel=\count289
\tikznumberofchildren=\count290
\tikznumberofcurrentchild=\count291
\tikz@fig@count=\count292

(/usr/share/texlive/texmf-dist/tex/generic/pgf/modules/pgfmodulematrix.code.tex
File: pgfmodulematrix.code.tex 2023-01-15 v3.1.10 (3.1.10)
\pgfmatrixcurrentrow=\count293
\pgfmatrixcurrentcolumn=\count294
\pgf@matrix@numberofcolumns=\count295
)
\tikz@expandcount=\count296

(/usr/share/texlive/texmf-dist/tex/generic/pgf/frontendlayer/tikz/libraries/tik
zlibrarytopaths.code.tex
File: tikzlibrarytopaths.code.tex 2023-01-15 v3.1.10 (3.1.10)
))) (/usr/share/texlive/texmf-dist/tex/latex/pgfplots/pgfplots.sty (/usr/share/
texlive/texmf-dist/tex/generic/pgfplots/pgfplots.revision.tex)
Package: pgfplots 2021/05/15 v1.18.1 Data Visualization (1.18.1)
(/usr/share/texlive/texmf-dist/tex/generic/pgfplots/pgfplots.code.tex (/usr/sha
re/texlive/texmf-dist/tex/generic/pgfplots/pgfplotscore.code.tex
Package pgfplots info on input line 124: Initializing with LUA version Lua 5.3
\pgfplots@luabackend@table=\catcodetable12
\t@pgfplots@toka=\toks37
\t@pgfplots@tokb=\toks38
\t@pgfplots@tokc=\toks39
\pgfplots@tmpa=\dimen264
\c@pgfplots@coordindex=\count297
\c@pgfplots@scanlineindex=\count298

(/usr/share/texlive/texmf-dist/tex/generic/pgfplots/sys/pgfplotssysgeneric.code
.tex))
(/usr/share/texlive/texmf-dist/tex/generic/pgfplots/libs/pgfplotslibrary.code.t
ex)
(/usr/share/texlive/texmf-dist/tex/generic/pgfplots/oldpgfcompatib/pgfplotsoldp
gfsupp_loader.code.tex
(/usr/share/texlive/texmf-dist/tex/generic/pgf/libraries/pgflibraryfpu.code.tex
)
Package pgfplots: loading complementary utilities for your pgf version...
\t@pgf@toka=\toks40
\t@pgf@tokb=\toks41
\t@pgf@tokc=\toks42

(/usr/share/texlive/texmf-dist/tex/generic/pgfplots/oldpgfcompatib/pgfplotsoldp
gfsupp_pgfutil-common-lists.tex)
(/usr/share/texlive/texmf-dist/tex/generic/pgf/libraries/luamath/pgflibraryluam
ath.code.tex)
Package pgfplots info on input line 290: luamath library shipped with pgf 3.1.1
0 is up-to-date
) (/usr/share/texlive/texmf-dist/tex/generic/pgfplots/util/pgfplotsutil.code.te
x
Package pgfplots info on input line 82: Found new luatex: initializing lua comm
ands instead of write18 (shell-escape)

(/usr/share/texlive/texmf-dist/tex/generic/pgfplots/liststructure/pgfplotslists
tructure.code.tex)
(/usr/share/texlive/texmf-dist/tex/generic/pgfplots/liststructure/pgfplotslists
tructureext.code.tex)
(/usr/share/texlive/texmf-dist/tex/generic/pgfplots/liststructure/pgfplotsarray
.code.tex
\c@pgfplotsarray@tmp=\count299
)
(/usr/share/texlive/texmf-dist/tex/generic/pgfplots/liststructure/pgfplotsmatri
x.code.tex)
(/usr/share/texlive/texmf-dist/tex/generic/pgfplots/numtable/pgfplotstableshare
d.code.tex
\c@pgfplotstable@counta=\count300
\t@pgfplotstable@a=\toks43
)
(/usr/share/texlive/texmf-dist/tex/generic/pgfplots/liststructure/pgfplotsdeque
.code.tex)
(/usr/share/texlive/texmf-dist/tex/generic/pgfplots/util/pgfplotsbinary.code.te
x
(/usr/share/texlive/texmf-dist/tex/generic/pgfplots/util/pgfplotsbinary.data.co
de.tex))
(/usr/share/texlive/texmf-dist/tex/generic/pgfplots/util/pgfplotsutil.verb.code
.tex)
(/usr/share/texlive/texmf-dist/tex/generic/pgfplots/libs/pgflibrarypgfplots.sur
fshading.code.tex
\c@pgfplotslibrarysurf@no=\count301

(/usr/share/texlive/texmf-dist/tex/generic/pgfplots/sys/pgflibrarypgfplots.surf
shading.pgfsys-luatex.def)))
(/usr/share/texlive/texmf-dist/tex/generic/pgfplots/util/pgfplotscolormap.code.
tex
(/usr/share/texlive/texmf-dist/tex/generic/pgfplots/util/pgfplotscolor.code.tex
))
(/usr/share/texlive/texmf-dist/tex/generic/pgfplots/pgfplotsstackedplots.code.t
ex)
(/usr/share/texlive/texmf-dist/tex/generic/pgfplots/pgfplotsplothandlers.code.t
ex
(/usr/share/texlive/texmf-dist/tex/generic/pgfplots/pgfplotsmeshplothandler.cod
e.tex
(/usr/share/texlive/texmf-dist/tex/generic/pgfplots/pgfplotsmeshplotimage.code.
tex))) (/usr/share/texlive/texmf-dist/tex/generic/pgfplots/pgfplots.scaling.cod
e.tex)
(/usr/share/texlive/texmf-dist/tex/generic/pgfplots/pgfplotscoordprocessing.cod
e.tex)
(/usr/share/texlive/texmf-dist/tex/generic/pgfplots/pgfplots.errorbars.code.tex
) (/usr/share/texlive/texmf-dist/tex/generic/pgfplots/pgfplots.markers.code.tex
) (/usr/share/texlive/texmf-dist/tex/generic/pgfplots/pgfplotsticks.code.tex) (/usr/share/texlive/texmf-dist/tex/generic/pgfplots/pgfplots.paths.code.tex)
(/usr/share/texlive/texmf-dist/tex/generic/pgf/frontendlayer/tikz/libraries/tik
zlibrarydecorations.code.tex
(/usr/share/texlive/texmf-dist/tex/generic/pgf/modules/pgfmoduledecorations.cod
e.tex
\pgfdecoratedcompleteddistance=\dimen265
\pgfdecoratedremainingdistance=\dimen266
\pgfdecoratedinputsegmentcompleteddistance=\dimen267
\pgfdecoratedinputsegmentremainingdistance=\dimen268
\pgf@decorate@distancetomove=\dimen269
\pgf@decorate@repeatstate=\count302
\pgfdecorationsegmentamplitude=\dimen270
\pgfdecorationsegmentlength=\dimen271
)
\tikz@lib@dec@box=\box66
)
(/usr/share/texlive/texmf-dist/tex/generic/pgf/frontendlayer/tikz/libraries/tik
zlibrarydecorations.pathmorphing.code.tex
(/usr/share/texlive/texmf-dist/tex/generic/pgf/libraries/decorations/pgflibrary
decorations.pathmorphing.code.tex))
(/usr/share/texlive/texmf-dist/tex/generic/pgf/frontendlayer/tikz/libraries/tik
zlibrarydecorations.pathreplacing.code.tex
(/usr/share/texlive/texmf-dist/tex/generic/pgf/libraries/decorations/pgflibrary
decorations.pathreplacing.code.tex))
(/usr/share/texlive/texmf-dist/tex/generic/pgfplots/libs/tikzlibrarypgfplots.co
ntourlua.code.tex)
\pgfplots@numplots=\count303
\pgfplots@xmin@reg=\dimen272
\pgfplots@xmax@reg=\dimen273
\pgfplots@ymin@reg=\dimen274
\pgfplots@ymax@reg=\dimen275
\pgfplots@zmin@reg=\dimen276
\pgfplots@zmax@reg=\dimen277
)
(/usr/share/texlive/texmf-dist/tex/generic/pgf/frontendlayer/tikz/libraries/tik
zlibraryplotmarks.code.tex
File: tikzlibraryplotmarks.code.tex 2023-01-15 v3.1.10 (3.1.10)

(/usr/share/texlive/texmf-dist/tex/generic/pgf/libraries/pgflibraryplotmarks.co
de.tex
File: pgflibraryplotmarks.code.tex 2023-01-15 v3.1.10 (3.1.10)
))) (/usr/share/texlive/texmf-dist/tex/latex/circuitikz/circuitikz.sty
Package: circuitikz 2023/02/11{} The CircuiTikz circuit drawing package version
 1.6.1

(/usr/share/texlive/texmf-dist/tex/generic/pgf/frontendlayer/tikz/libraries/tik
zlibrarycalc.code.tex
File: tikzlibrarycalc.code.tex 2023-01-15 v3.1.10 (3.1.10)
)
(/usr/share/texlive/texmf-dist/tex/generic/pgf/libraries/pgflibraryarrows.meta.
code.tex
File: pgflibraryarrows.meta.code.tex 2023-01-15 v3.1.10 (3.1.10)
\pgfarrowinset=\dimen278
\pgfarrowlength=\dimen279
\pgfarrowwidth=\dimen280
\pgfarrowlinewidth=\dimen281
)
(/usr/share/texlive/texmf-dist/tex/generic/pgf/frontendlayer/tikz/libraries/tik
zlibrarybending.code.tex
File: tikzlibrarybending.code.tex 2023-01-15 v3.1.10 (3.1.10)

(/usr/share/texlive/texmf-dist/tex/generic/pgf/modules/pgfmodulebending.code.te
x
File: pgfmodulebending.code.tex 2023-01-15 v3.1.10 (3.1.10)

(/usr/share/texlive/texmf-dist/tex/generic/pgf/modules/pgfmodulenonlineartransf
ormations.code.tex
File: pgfmodulenonlineartransformations.code.tex 2023-01-15 v3.1.10 (3.1.10)
\pgftransformnonlinearflatness=\dimen282
)
(/usr/share/texlive/texmf-dist/tex/generic/pgf/libraries/pgflibrarycurvilinear.
code.tex
File: pgflibrarycurvilinear.code.tex 2023-01-15 v3.1.10 (3.1.10)
\pgf@curvilinear@time@a=\dimen283
\pgf@curvilinear@length@a=\dimen284
\pgf@curvilinear@length@b=\dimen285
\pgf@curvilinear@length@c=\dimen286
\pgf@curvilinear@length@d=\dimen287
)
\pgf@arrows@the@rigidity=\dimen288
))
(/usr/share/texlive/texmf-dist/tex/generic/pgf/frontendlayer/tikz/libraries/tik
zlibraryfpu.code.tex) (/usr/share/texlive/texmf-dist/tex/generic/circuitikz/pgf
circ.defines.tex
\pgf@circ@count@a=\count304
\pgf@circ@count@b=\count305
\pgf@circ@count@c=\count306
\pgf@circ@res@up=\dimen289
\pgf@circ@res@down=\dimen290
\pgf@circ@res@zero=\dimen291
\pgf@circ@res@left=\dimen292
\pgf@circ@res@right=\dimen293
\pgf@circ@res@other=\dimen294
\pgf@circ@res@step=\dimen295
\pgf@circ@res@temp=\dimen296
\pgf@circ@Rlen=\dimen297
\pgf@circ@scaled@Rlen=\dimen298
\pgfstartlinewidth=\dimen299
) (/usr/share/texlive/texmf-dist/tex/generic/circuitikz/pgfcircutils.tex
\ctikz@scratchbox=\box67
) (/usr/share/texlive/texmf-dist/tex/generic/circuitikz/pgfcircpath.tex) (/usr/
share/texlive/texmf-dist/tex/generic/circuitikz/pgfcircshapes.tex) (/usr/share/
texlive/texmf-dist/tex/generic/circuitikz/pgfcircmonopoles.tex) (/usr/share/tex
live/texmf-dist/tex/generic/circuitikz/pgfcircbipoles.tex) (/usr/share/texlive/
texmf-dist/tex/generic/circuitikz/pgfcirctripoles.tex
\pgf@circ@res@count=\count307
) (/usr/share/texlive/texmf-dist/tex/generic/circuitikz/pgfcircquadpoles.tex) (/usr/share/texlive/texmf-dist/tex/generic/circuitikz/pgfcircmultipoles.tex) (/usr/share/texlive/texmf-dist/tex/generic/circuitikz/pgfcirclabel.tex) (/usr/share/texlive/texmf-dist/tex/generic/circuitikz/pgfcircvoltage.tex
\pgfcirc@labelshift=\dimen300
) (/usr/share/texlive/texmf-dist/tex/generic/circuitikz/pgfcirccurrent.tex) (/u
sr/share/texlive/texmf-dist/tex/generic/circuitikz/pgfcircflow.tex)) (/usr/shar
e/texlive/texmf-dist/tex/latex/algorithms/algorithm.sty
Package: algorithm 2009/08/24 v0.1 Document Style `algorithm' - floating enviro
nment
(/usr/share/texlive/texmf-dist/tex/latex/float/float.sty
Package: float 2001/11/08 v1.3d Float enhancements (AL)
\c@float@type=\count308
\float@exts=\toks44
\float@box=\box68
\@float@everytoks=\toks45
\@floatcapt=\box69
)
\@float@every@algorithm=\toks46
\c@algorithm=\count309
) (/usr/share/texlive/texmf-dist/tex/latex/algorithms/algorithmic.sty
Package: algorithmic 2009/08/24 v0.1 Document Style `algorithmic'
\c@ALC@unique=\count310
\c@ALC@line=\count311
\c@ALC@rem=\count312
\c@ALC@depth=\count313
\ALC@tlm=\skip56
\algorithmicindent=\skip57
) (/usr/share/texlive/texmf-dist/tex/latex/hyperref/hyperref.sty
Package: hyperref 2023-02-07 v7.00v Hypertext links for LaTeX
(/usr/share/texlive/texmf-dist/tex/generic/ltxcmds/ltxcmds.sty
Package: ltxcmds 2020-05-10 v1.25 LaTeX kernel commands for general use (HO)
) (/usr/share/texlive/texmf-dist/tex/generic/iftex/iftex.sty
Package: iftex 2022/02/03 v1.0f TeX engine tests
) (/usr/share/texlive/texmf-dist/tex/generic/pdftexcmds/pdftexcmds.sty
Package: pdftexcmds 2020-06-27 v0.33 Utility functions of pdfTeX for LuaTeX (HO
)
(/usr/share/texlive/texmf-dist/tex/generic/infwarerr/infwarerr.sty
Package: infwarerr 2019/12/03 v1.5 Providing info/warning/error messages (HO)
)
Package pdftexcmds Info: \pdf@primitive is available.
Package pdftexcmds Info: \pdf@ifprimitive is available.
Package pdftexcmds Info: \pdfdraftmode found.
\pdftexcmds@toks=\toks47
) (/usr/share/texlive/texmf-dist/tex/latex/kvsetkeys/kvsetkeys.sty
Package: kvsetkeys 2022-10-05 v1.19 Key value parser (HO)
) (/usr/share/texlive/texmf-dist/tex/generic/kvdefinekeys/kvdefinekeys.sty
Package: kvdefinekeys 2019-12-19 v1.6 Define keys (HO)
) (/usr/share/texlive/texmf-dist/tex/generic/pdfescape/pdfescape.sty
Package: pdfescape 2019/12/09 v1.15 Implements pdfTeX's escape features (HO)
) (/usr/share/texlive/texmf-dist/tex/latex/hycolor/hycolor.sty
Package: hycolor 2020-01-27 v1.10 Color options for hyperref/bookmark (HO)
) (/usr/share/texlive/texmf-dist/tex/latex/letltxmacro/letltxmacro.sty
Package: letltxmacro 2019/12/03 v1.6 Let assignment for LaTeX macros (HO)
) (/usr/share/texlive/texmf-dist/tex/latex/auxhook/auxhook.sty
Package: auxhook 2019-12-17 v1.6 Hooks for auxiliary files (HO)
) (/usr/share/texlive/texmf-dist/tex/latex/hyperref/nameref.sty
Package: nameref 2022-05-17 v2.50 Cross-referencing by name of section
(/usr/share/texlive/texmf-dist/tex/latex/refcount/refcount.sty
Package: refcount 2019/12/15 v3.6 Data extraction from label references (HO)
) (/usr/share/texlive/texmf-dist/tex/generic/gettitlestring/gettitlestring.sty
Package: gettitlestring 2019/12/15 v1.6 Cleanup title references (HO)
(/usr/share/texlive/texmf-dist/tex/latex/kvoptions/kvoptions.sty
Package: kvoptions 2022-06-15 v3.15 Key value format for package options (HO)
))
\c@section@level=\count314
)
\@linkdim=\dimen301
\Hy@linkcounter=\count315
\Hy@pagecounter=\count316
(/usr/share/texlive/texmf-dist/tex/latex/hyperref/pd1enc.def
File: pd1enc.def 2023-02-07 v7.00v Hyperref: PDFDocEncoding definition (HO)
) (/usr/share/texlive/texmf-dist/tex/generic/intcalc/intcalc.sty
Package: intcalc 2019/12/15 v1.3 Expandable calculations with integers (HO)
) (/usr/share/texlive/texmf-dist/tex/generic/etexcmds/etexcmds.sty
Package: etexcmds 2019/12/15 v1.7 Avoid name clashes with e-TeX commands (HO)
)
\Hy@SavedSpaceFactor=\count317
(/usr/share/texlive/texmf-dist/tex/latex/hyperref/puenc.def
File: puenc.def 2023-02-07 v7.00v Hyperref: PDF Unicode definition (HO)
)
Package hyperref Info: Option `bookmarks' set `true' on input line 4060.
Package hyperref Info: Option `bookmarksnumbered' set `true' on input line 4060
.
Package hyperref Info: Option `bookmarksopen' set `false' on input line 4060.
Package hyperref Info: Option `colorlinks' set `true' on input line 4060.
Package hyperref Info: Option `pdftoolbar' set `true' on input line 4060.
Package hyperref Info: Option `pdfmenubar' set `true' on input line 4060.
Package hyperref Info: Option `pdffitwindow' set `true' on input line 4060.
Package hyperref Info: Hyper figures OFF on input line 4177.
Package hyperref Info: Link nesting OFF on input line 4182.
Package hyperref Info: Hyper index ON on input line 4185.
Package hyperref Info: Plain pages OFF on input line 4192.
Package hyperref Info: Backreferencing OFF on input line 4197.
Package hyperref Info: Implicit mode ON; LaTeX internals redefined.
Package hyperref Info: Bookmarks ON on input line 4425.
\c@Hy@tempcnt=\count318
(/usr/share/texlive/texmf-dist/tex/latex/url/url.sty
\Urlmuskip=\muskip17
Package: url 2013/09/16  ver 3.4  Verb mode for urls, etc.
)
LaTeX Info: Redefining \url on input line 4763.
\XeTeXLinkMargin=\dimen302
(/usr/share/texlive/texmf-dist/tex/generic/bitset/bitset.sty
Package: bitset 2019/12/09 v1.3 Handle bit-vector datatype (HO)
(/usr/share/texlive/texmf-dist/tex/generic/bigintcalc/bigintcalc.sty
Package: bigintcalc 2019/12/15 v1.5 Expandable calculations on big integers (HO
)
))
\Fld@menulength=\count319
\Field@Width=\dimen303
\Fld@charsize=\dimen304
Package hyperref Info: Hyper figures OFF on input line 6042.
Package hyperref Info: Link nesting OFF on input line 6047.
Package hyperref Info: Hyper index ON on input line 6050.
Package hyperref Info: backreferencing OFF on input line 6057.
Package hyperref Info: Link coloring ON on input line 6060.
Package hyperref Info: Link coloring with OCG OFF on input line 6067.
Package hyperref Info: PDF/A mode OFF on input line 6072.
(/usr/share/texlive/texmf-dist/tex/latex/base/atbegshi-ltx.sty
Package: atbegshi-ltx 2021/01/10 v1.0c Emulation of the original atbegshi
package with kernel methods
)
\Hy@abspage=\count320
\c@Item=\count321
\c@Hfootnote=\count322
)

Package hyperref Warning: Wrong driver `hpdftex.def';
(hyperref)                pdfTeX is running in PDF mode.
(hyperref)                Forcing driver `hluatex.def'.

Package hyperref Info: Driver: hluatex.
(/usr/share/texlive/texmf-dist/tex/latex/hyperref/hluatex.def
File: hluatex.def 2023-02-07 v7.00v Hyperref driver for luaTeX
(/usr/share/texlive/texmf-dist/tex/generic/stringenc/stringenc.sty
Package: stringenc 2019/11/29 v1.12 Convert strings between diff. encodings (HO
)
) (/usr/share/texlive/texmf-dist/tex/latex/base/atveryend-ltx.sty
Package: atveryend-ltx 2020/08/19 v1.0a Emulation of the original atveryend pac
kage
with kernel methods
)
\Fld@listcount=\count323
\c@bookmark@seq@number=\count324
(/usr/share/texlive/texmf-dist/tex/latex/rerunfilecheck/rerunfilecheck.sty
Package: rerunfilecheck 2022-07-10 v1.10 Rerun checks for auxiliary files (HO)
(/usr/share/texlive/texmf-dist/tex/generic/uniquecounter/uniquecounter.sty
Package: uniquecounter 2019/12/15 v1.4 Provide unlimited unique counter (HO)
)
Package uniquecounter Info: New unique counter `rerunfilecheck' on input line 2
85.
)
\Hy@SectionHShift=\skip58
) (/usr/share/texlive/texmf-dist/tex/latex/geometry/geometry.sty
Package: geometry 2020/01/02 v5.9 Page Geometry
(/usr/share/texlive/texmf-dist/tex/generic/iftex/ifvtex.sty
Package: ifvtex 2019/10/25 v1.7 ifvtex legacy package. Use iftex instead.
)
\Gm@cnth=\count325
\Gm@cntv=\count326
\c@Gm@tempcnt=\count327
\Gm@bindingoffset=\dimen305
\Gm@wd@mp=\dimen306
\Gm@odd@mp=\dimen307
\Gm@even@mp=\dimen308
\Gm@layoutwidth=\dimen309
\Gm@layoutheight=\dimen310
\Gm@layouthoffset=\dimen311
\Gm@layoutvoffset=\dimen312
\Gm@dimlist=\toks48
) (/usr/share/texlive/texmf-dist/tex/generic/babel/babel.sty
Package: babel 2023/02/13 3.86 The Babel package
(/usr/share/texlive/texmf-dist/tex/generic/babel/luababel.def
\bbl@readstream=\read3
\l@dumylang=\language2
Package babel Info: Non-standard hyphenation setup on input line 118.
\l@nohyphenation=\language3
\l@polish=\language4
\l@ukrainian=\language5
\l@russian=\language6
\l@german=\language7
\l@ngerman=\language8
\l@swissgerman=\language9
\l@german-x-2023-03-06=\language10
\l@ngerman-x-2023-03-06=\language11
\l@afrikaans=\language12
\l@ibycus=\language13
\l@arabic=\language14
\l@armenian=\language15
\l@basque=\language16
\l@belarusian=\language17
\l@bulgarian=\language18
\l@catalan=\language19
\l@pinyin=\language20
\l@churchslavonic=\language21
\l@coptic=\language22
\l@croatian=\language23
\l@czech=\language24
\l@danish=\language25
\l@dutch=\language26
\l@ukenglish=\language27
\l@usenglishmax=\language28
\l@esperanto=\language29
\l@estonian=\language30
\l@ethiopic=\language31
\l@farsi=\language32
\l@finnish=\language33
\l@schoolfinnish=\language34
\l@french=\language35
\l@friulan=\language36
\l@galician=\language37
\l@georgian=\language38
\l@greek=\language39
\l@hungarian=\language40
\l@icelandic=\language41
\l@assamese=\language42
\l@bengali=\language43
\l@gujarati=\language44
\l@hindi=\language45
\l@kannada=\language46
\l@malayalam=\language47
\l@marathi=\language48
\l@oriya=\language49
\l@odia=\language50
\l@panjabi=\language51
\l@tamil=\language52
\l@telugu=\language53
\l@indonesian=\language54
\l@interlingua=\language55
\l@irish=\language56
\l@italian=\language57
\l@kurmanji=\language58
\l@latin=\language59
\l@classiclatin=\language60
\l@classiclatin=\language61
\l@latvian=\language62
\l@lithuanian=\language63
\l@macedonian=\language64
\l@mongolian=\language65
\l@mongolianlmc=\language66
\l@bokmal=\language67
\l@nynorsk=\language68
\l@occitan=\language69
\l@piedmontese=\language70
\l@portuguese=\language71
\l@romanian=\language72
\l@romansh=\language73
\l@sanskrit=\language74
\l@serbian=\language75
\l@serbianc=\language76
\l@slovak=\language77
\l@slovenian=\language78
\l@spanish=\language79
\l@swedish=\language80
\l@thai=\language81
\l@turkish=\language82
\l@turkmen=\language83
\l@uppersorbian=\language84
\l@welsh=\language85
\babelcatcodetablenum=\catcodetable13
\bbl@pattcodes=\catcodetable14
)
\babel@savecnt=\count328
\U@D=\dimen313
\l@unhyphenated=\language86
(/usr/share/texlive/texmf-dist/tex/generic/babel/luababel.def
\bbl@attr@locale=\attribute4
) (/usr/share/texlive/texmf-dist/tex/generic/babel-english/english.ldf
Language: english 2017/06/06 v3.3r English support from the babel system
Package babel Info: Hyphen rules for 'canadian' set to \l@english
(babel)             (\language0). Reported on input line 102.
Package babel Info: Hyphen rules for 'australian' set to \l@ukenglish
(babel)             (\language27). Reported on input line 105.
Package babel Info: Hyphen rules for 'newzealand' set to \l@ukenglish
(babel)             (\language27). Reported on input line 108.
)) (/usr/share/texlive/texmf-dist/tex/generic/babel/locale/en/babel-english.tex
Package babel Info: Importing font and identification data for english
(babel)             from babel-en.ini. Reported on input line 11.
)) (/usr/share/texlive/texmf-dist/tex/latex/imakeidx/imakeidx.sty
Package: imakeidx 2016/10/15 v1.3e Package for typesetting indices in a synchro
nous mode
(/usr/share/texlive/texmf-dist/tex/latex/xkeyval/xkeyval.sty
Package: xkeyval 2022/06/16 v2.9 package option processing (HA)
(/usr/share/texlive/texmf-dist/tex/generic/xkeyval/xkeyval.tex (/usr/share/texl
ive/texmf-dist/tex/generic/xkeyval/xkvutils.tex
\XKV@toks=\toks49
\XKV@tempa@toks=\toks50
)
\XKV@depth=\count329
File: xkeyval.tex 2014/12/03 v2.7a key=value parser (HA)
)) (/usr/share/texlive/texmf-dist/tex/generic/iftex/ifxetex.sty
Package: ifxetex 2019/10/25 v0.7 ifxetex legacy package. Use iftex instead.
) (/usr/share/texlive/texmf-dist/tex/generic/iftex/ifluatex.sty
Package: ifluatex 2019/10/25 v1.5 ifluatex legacy package. Use iftex instead.
) (/usr/share/texlive/texmf-dist/tex/latex/tools/multicol.sty
Package: multicol 2021/11/30 v1.9d multicolumn formatting (FMi)
\c@tracingmulticols=\count330
\mult@box=\box70
\multicol@leftmargin=\dimen314
\c@unbalance=\count331
\c@collectmore=\count332
\doublecol@number=\count333
\multicoltolerance=\count334
\multicolpretolerance=\count335
\full@width=\dimen315
\page@free=\dimen316
\premulticols=\dimen317
\postmulticols=\dimen318
\multicolsep=\skip59
\multicolbaselineskip=\skip60
\partial@page=\box71
\last@line=\box72
\maxbalancingoverflow=\dimen319
\mult@rightbox=\box73
\mult@grightbox=\box74
\mult@firstbox=\box75
\mult@gfirstbox=\box76
\@tempa=\box77
\@tempa=\box78
\@tempa=\box79
\@tempa=\box80
\@tempa=\box81
\@tempa=\box82
\@tempa=\box83
\@tempa=\box84
\@tempa=\box85
\@tempa=\box86
\@tempa=\box87
\@tempa=\box88
\@tempa=\box89
\@tempa=\box90
\@tempa=\box91
\@tempa=\box92
\@tempa=\box93
\@tempa=\box94
\@tempa=\box95
\@tempa=\box96
\@tempa=\box97
\@tempa=\box98
\@tempa=\box99
\@tempa=\box100
\@tempa=\box101
\@tempa=\box102
\@tempa=\box103
\@tempa=\box104
\@tempa=\box105
\@tempa=\box106
\@tempa=\box107
\@tempa=\box108
\@tempa=\box109
\@tempa=\box110
\@tempa=\box111
\@tempa=\box112
\c@minrows=\count336
\c@columnbadness=\count337
\c@finalcolumnbadness=\count338
\last@try=\dimen320
\multicolovershoot=\dimen321
\multicolundershoot=\dimen322
\mult@nat@firstbox=\box113
\colbreak@box=\box114
\mc@col@check@num=\count339
)) (/usr/share/texlive/texmf-dist/tex/latex/mathtools/mathtools.sty
Package: mathtools 2022/06/29 v1.29 mathematical typesetting tools
(/usr/share/texlive/texmf-dist/tex/latex/mathtools/mhsetup.sty
Package: mhsetup 2021/03/18 v1.4 programming setup (MH)
)
\g_MT_multlinerow_int=\count340
\l_MT_multwidth_dim=\dimen323
\origjot=\skip61
\l_MT_shortvdotswithinadjustabove_dim=\dimen324
\l_MT_shortvdotswithinadjustbelow_dim=\dimen325
\l_MT_above_intertext_sep=\dimen326
\l_MT_below_intertext_sep=\dimen327
\l_MT_above_shortintertext_sep=\dimen328
\l_MT_below_shortintertext_sep=\dimen329
\xmathstrut@box=\box115
\xmathstrut@dim=\dimen330
) (/usr/share/texlive/texmf-dist/tex/latex/blkarray/blkarray.sty
Package: blkarray 2015/02/27 v0.07 Block array (dpc)
\c@BAenumi=\count341
\BA@col=\count342
\BA@block@cnt=\count343
\BA@final@box=\box116
\BA@first@box=\box117
\BA@colsep=\dimen331
\BA@ftn=\toks51
\BAextrarowheight=\dimen332
\BAextraheightafterhline=\dimen333
\BAarrayrulewidth=\dimen334
\BAdoublerulesep=\dimen335
\BAfootskip=\dimen336
\BA@dashbox=\box118
\BA@ddashbox=\box119
) (/usr/share/texlive/texmf-dist/tex/latex/tools/verbatim.sty
Package: verbatim 2022-07-02 v1.5u LaTeX2e package for verbatim enhancements
\every@verbatim=\toks52
\verbatim@line=\toks53
\verbatim@in@stream=\read4
) (/usr/share/texlive/texmf-dist/tex/latex/dirtytalk/dirtytalk.sty
Package: dirtytalk 2010/11/21 A package making "quoting" easier
\c@dirtytalk@qdepth=\count344
) (/usr/share/texlive/texmf-dist/tex/latex/caption/caption.sty
Package: caption 2023/03/12 v3.6j Customizing captions (AR)
(/usr/share/texlive/texmf-dist/tex/latex/caption/caption3.sty
Package: caption3 2023/03/12 v2.4 caption3 kernel (AR)
\caption@tempdima=\dimen337
\captionmargin=\dimen338
\caption@leftmargin=\dimen339
\caption@rightmargin=\dimen340
\caption@width=\dimen341
\caption@indent=\dimen342
\caption@parindent=\dimen343
\caption@hangindent=\dimen344
Package caption Info: Standard document class detected.
)
\c@caption@flags=\count345
\c@continuedfloat=\count346
Package caption Info: float package is loaded.
Package caption Info: hyperref package is loaded.
) (/usr/share/texlive/texmf-dist/tex/latex/caption/subcaption.sty
Package: subcaption 2023/02/19 v1.6 Sub-captions (AR)
Package caption Info: New subtype `subfigure' on input line 239.
\c@subfigure=\count347
Package caption Info: New subtype `subtable' on input line 239.
\c@subtable=\count348
) (/usr/share/texlive/texmf-dist/tex/latex/cite/cite.sty
LaTeX Info: Redefining \cite on input line 302.
LaTeX Info: Redefining \nocite on input line 332.
Package: cite 2015/02/27  v 5.5
) (/usr/share/texlive/texmf-dist/tex/latex/cleveref/cleveref.sty
Package: cleveref 2018/03/27 v0.21.4 Intelligent cross-referencing
Package cleveref Info: `hyperref' support loaded on input line 2370.
LaTeX Info: Redefining \cref on input line 2370.
LaTeX Info: Redefining \Cref on input line 2370.
LaTeX Info: Redefining \crefrange on input line 2370.
LaTeX Info: Redefining \Crefrange on input line 2370.
LaTeX Info: Redefining \cpageref on input line 2370.
LaTeX Info: Redefining \Cpageref on input line 2370.
LaTeX Info: Redefining \cpagerefrange on input line 2370.
LaTeX Info: Redefining \Cpagerefrange on input line 2370.
LaTeX Info: Redefining \labelcref on input line 2370.
LaTeX Info: Redefining \labelcpageref on input line 2370.
) (/usr/share/texlive/texmf-dist/tex/latex/natbib/natbib.sty
Package: natbib 2010/09/13 8.31b (PWD, AO)

Package natbib Warning: The `cite' package should not be used
(natbib)                with natbib. Use option `sort' instead.

\bibhang=\skip62
\bibsep=\skip63
LaTeX Info: Redefining \cite on input line 694.
LaTeX Info: Redefining \citenum on input line 708.
\c@NAT@ctr=\count349
)
(/usr/share/texlive/texmf-dist/tex/latex/pgf/frontendlayer/libraries/tikzlibrar
yexternal.code.tex
(/usr/share/texlive/texmf-dist/tex/generic/pgf/frontendlayer/tikz/libraries/tik
zexternalshared.code.tex))
No auxiliary output files.

\w@pgfexternal@auxout=\write4
Package TikZ externalization: calling \geometry{driver=none} during externaliza
tion.

(/usr/share/texlive/texmf-dist/tex/latex/lineno/lineno.sty
Package: lineno 2023/01/19 line numbers on paragraphs v5.1
\linenopenalty=\count350
\output=\toks54
\linenoprevgraf=\count351
\linenumbersep=\dimen345
\linenumberwidth=\dimen346
\c@linenumber=\count352
\c@pagewiselinenumber=\count353
\c@LN@truepage=\count354
\c@internallinenumber=\count355
\c@internallinenumbers=\count356
\quotelinenumbersep=\dimen347
\bframerule=\dimen348
\bframesep=\dimen349
\bframebox=\box120
(/usr/share/texlive/texmf-dist/tex/latex/etoolbox/etoolbox.sty
Package: etoolbox 2020/10/05 v2.5k e-TeX tools for LaTeX (JAW)
\etb@tempcnta=\count357
)
\linenoamsmath@ams@eqpen=\count358
LaTeX Info: Redefining \\ on input line 3131.
) (/usr/share/texlive/texmf-dist/tex/latex/changepage/changepage.sty
Package: changepage 2009/10/20 v1.0c check page and change page layout
\c@cp@cntr=\count359
\cp@tempcnt=\count360
)
(/usr/share/texlive/texmf-dist/tex/generic/pgf/graphdrawing/tex/tikzlibrarygrap
hdrawing.code.tex
File: tikzlibrarygraphdrawing.code.tex 2023-01-15 v3.1.10 (3.1.10)

(/usr/share/texlive/texmf-dist/tex/generic/pgf/graphdrawing/tex/pgflibrarygraph
drawing.code.tex
File: pgflibrarygraphdrawing.code.tex 2023-01-15 v3.1.10 (3.1.10)
\pgf@gd@parameter@stack@height=\count361
\pgf@gd@node@box=\box121
\pgf@gd@edge@box=\box122
\pgf@gd@prekind@box=\box123
\pgf@gd@postkind@box=\box124
))
(/usr/share/texlive/texmf-dist/tex/generic/pgf/frontendlayer/tikz/libraries/gra
phs/tikzlibrarygraphs.code.tex
File: tikzlibrarygraphs.code.tex 2023-01-15 v3.1.10 (3.1.10)
\tikz@lib@auto@number=\count362
\tikz@qnode@count=\count363
)
(/usr/share/texlive/texmf-dist/tex/generic/pgf/frontendlayer/tikz/libraries/tik
zlibraryarrows.code.tex
File: tikzlibraryarrows.code.tex 2023-01-15 v3.1.10 (3.1.10)

(/usr/share/texlive/texmf-dist/tex/generic/pgf/libraries/pgflibraryarrows.code.
tex
File: pgflibraryarrows.code.tex 2023-01-15 v3.1.10 (3.1.10)
\arrowsize=\dimen350
))
(/usr/share/texlive/texmf-dist/tex/generic/pgf/frontendlayer/tikz/libraries/tik
zlibrarypositioning.code.tex
File: tikzlibrarypositioning.code.tex 2023-01-15 v3.1.10 (3.1.10)
)
\figureheight=\skip64
\figurewidth=\skip65
(/usr/share/texlive/texmf-dist/tex/latex/l3backend/l3backend-luatex.def
File: l3backend-luatex.def 2023-01-16 L3 backend support: PDF output (LuaTeX)
\l__color_backend_stack_int=\count364
\l__pdf_internal_box=\box125
)
No file figures/external_figs/main-figure4.aux.
LaTeX Font Info:    Checking defaults for OML/cmm/m/it on input line 48.
LaTeX Font Info:    ... okay on input line 48.
LaTeX Font Info:    Checking defaults for OMS/cmsy/m/n on input line 48.
LaTeX Font Info:    ... okay on input line 48.
LaTeX Font Info:    Checking defaults for OT1/cmr/m/n on input line 48.
LaTeX Font Info:    ... okay on input line 48.
LaTeX Font Info:    Checking defaults for T1/cmr/m/n on input line 48.
LaTeX Font Info:    ... okay on input line 48.
LaTeX Font Info:    Checking defaults for TS1/cmr/m/n on input line 48.
LaTeX Font Info:    Trying to load font information for TS1+cmr on input line 4
8.
(/usr/share/texlive/texmf-dist/tex/latex/base/ts1cmr.fd
File: ts1cmr.fd 2022/07/10 v2.5l Standard LaTeX font definitions
)
LaTeX Font Info:    ... okay on input line 48.
LaTeX Font Info:    Checking defaults for TU/lmr/m/n on input line 48.
LaTeX Font Info:    ... okay on input line 48.
LaTeX Font Info:    Checking defaults for OMX/cmex/m/n on input line 48.
LaTeX Font Info:    ... okay on input line 48.
LaTeX Font Info:    Checking defaults for U/cmr/m/n on input line 48.
LaTeX Font Info:    ... okay on input line 48.
LaTeX Font Info:    Checking defaults for PD1/pdf/m/n on input line 48.
LaTeX Font Info:    ... okay on input line 48.
LaTeX Font Info:    Checking defaults for PU/pdf/m/n on input line 48.
LaTeX Font Info:    ... okay on input line 48.
(/usr/share/texlive/texmf-dist/tex/context/base/mkii/supp-pdf.mkii
[Loading MPS to PDF converter (version 2006.09.02).]
\scratchcounter=\count365
\scratchdimen=\dimen351
\scratchbox=\box126
\nofMPsegments=\count366
\nofMParguments=\count367
\everyMPshowfont=\toks55
\MPscratchCnt=\count368
\MPscratchDim=\dimen352
\MPnumerator=\count369
\makeMPintoPDFobject=\count370
\everyMPtoPDFconversion=\toks56
) (/usr/share/texlive/texmf-dist/tex/latex/epstopdf-pkg/epstopdf-base.sty
Package: epstopdf-base 2020-01-24 v2.11 Base part for package epstopdf
Package epstopdf-base Info: Redefining graphics rule for `.eps' on input line 4
85.
(/usr/share/texlive/texmf-dist/tex/latex/latexconfig/epstopdf-sys.cfg
File: epstopdf-sys.cfg 2010/07/13 v1.3 Configuration of (r)epstopdf for TeX Liv
e
)) (/usr/share/texlive/texmf-dist/tex/latex/pdflscape/pdflscape.sty
Package: pdflscape 2022-10-27 v0.13 Display of landscape pages in PDF
(/usr/share/texlive/texmf-dist/tex/latex/pdflscape/pdflscape-nometadata.sty
Package: pdflscape-nometadata 2022-10-28 v0.13 Display of landscape pages in PD
F (HO)
(/usr/share/texlive/texmf-dist/tex/latex/graphics/lscape.sty
Package: lscape 2020/05/28 v3.02 Landscape Pages (DPC)
)
Package pdflscape Info: Auto-detected driver: pdftex on input line 81.
))
Package pgfplots notification 'compat/show suggested version=true': document ha
s been generated with the most recent feature set (\pgfplotsset{compat=1.18}).

\providecommand\hyper@newdestlabel[2]{}
Package hyperref Info: Link coloring ON on input line 48.
*geometry* detected driver: <none>
*geometry* verbose mode - [ preamble ] result:
* driver: \Gm@driver 
* paper: letterpaper
* layout: <same size as paper>
* layoutoffset:(h,v)=(0.0pt,0.0pt)
* bindingoffset: 28.45274pt
* modes: includehead includefoot 
* h-part:(L,W,R)=(85.35826pt, 443.57849pt, 56.9055pt)
* v-part:(T,H,B)=(113.81102pt, 595.8007pt, 85.35826pt)
* \paperwidth=614.295pt
* \paperheight=794.96999pt
* \textwidth=443.57849pt
* \textheight=533.92691pt
* \oddsidemargin=41.54102pt
* \evensidemargin=13.08827pt
* \topmargin=41.54103pt
* \headheight=12.0pt
* \headsep=19.8738pt
* \topskip=12.0pt
* \footskip=30.0pt
* \marginparwidth=47.0pt
* \marginparsep=7.0pt
* \columnsep=10.0pt
* \skip\footins=10.8pt plus 4.0pt minus 2.0pt
* \hoffset=0.0pt
* \voffset=0.0pt
* \mag=1000
* \@twocolumnfalse
* \@twosidefalse
* \@mparswitchfalse
* \@reversemarginfalse
* (1in=72.27pt=25.4mm, 1cm=28.453pt)

Package caption Info: Begin \AtBeginDocument code.
Package caption Info: changepage package is loaded.
\caption@adjustwidth@hsize=\dimen353
\caption@adjustwidth@linewidth=\dimen354
Package caption Info: End \AtBeginDocument code.
A tikzpicture has been optimized away. Use '/tikz/external/optimize=false' to d
isable this.
LaTeX Font Info:    Trying to load font information for U+msa on input line 51.

(/usr/share/texlive/texmf-dist/tex/latex/amsfonts/umsa.fd
File: umsa.fd 2013/01/14 v3.01 AMS symbols A
)
LaTeX Font Info:    Trying to load font information for U+msb on input line 51.

(/usr/share/texlive/texmf-dist/tex/latex/amsfonts/umsb.fd
File: umsb.fd 2013/01/14 v3.01 AMS symbols B
)
No file figures/external_figs/main-figure4.toc.
No file figures/external_figs/main-figure4.lof.
\providecommand\hyper@newdestlabel[2]{}
(./chapters/chapter1_preliminaries.tex
Chapter 1.

Package natbib Warning: Citation `ABBASI2011xv' on page 1 undefined on input li
ne 6.


Package natbib Warning: Citation `review' on page 1 undefined on input line 6.


Package natbib Warning: Citation `Conejo' on page 1 undefined on input line 6.


Package natbib Warning: Citation `Byeon_Van_Hentenryck_2020' on page 1 undefine
d on input line 9.


Package natbib Warning: Citation `Morcillo_Angulo_Franco_2020a' on page 1 undef
ined on input line 9.


Package natbib Warning: Citation `droughts_colombia' on page 1 undefined on inp
ut line 9.


Package natbib Warning: Citation `Cuartas_Cunha_Alves_Parra_Deusdar_Leal_Cost
a_Molina_Amore_Broedel_Seluchi_et_al_2022' on page 1 undefined on input line 9.



Package natbib Warning: Citation `YANG2020106023' on page 2 undefined on input 
line 13.


Package natbib Warning: Citation `JIANG2021106460' on page 2 undefined on input
 line 13.


Package natbib Warning: Citation `review' on page 2 undefined on input line 13.



Package natbib Warning: Citation `Alam_M' on page 2 undefined on input line 38.



Package natbib Warning: Citation `china_natural_gas' on page 2 undefined on inp
ut line 38.


Package natbib Warning: Citation `Yin_Wen_Wu_Han_Mukhtar_Gong_2022' on page 2 u
ndefined on input line 38.


Package natbib Warning: Citation `Aydin_2018' on page 2 undefined on input line
 38.


Package natbib Warning: Citation `eia' on page 3 undefined on input line 40.


Package natbib Warning: Citation `ideam' on page 3 undefined on input line 40.


Package natbib Warning: Citation `creg_2021' on page 3 undefined on input line 
40.


Package natbib Warning: Citation `paper-col' on page 3 undefined on input line 
40.


Package natbib Warning: Citation `xm-generacion' on page 3 undefined on input l
ine 42.


Package natbib Warning: Citation `fenomeno_nio' on page 3 undefined on input 
line 42.


Package natbib Warning: Citation `Ignacio_Fariza_2022' on page 3 undefined on i
nput line 42.


Package natbib Warning: Citation `Shan_Yu_Gong_Huang_Wen_Wang_Ren_Wang_Shi_Liu_
2023' on page 3 undefined on input line 42.

)
\providecommand\hyper@newdestlabel[2]{}
(./chapters/Chapter_LinealCensnet.tex
Chapter 2.

Package natbib Warning: Citation `Trudeau_2015' on page 5 undefined on input li
ne 8.


Package natbib Warning: Citation `Bender_Williamson_2010' on page 5 undefined o
n input line 10.

(./figures/Chapter_LinealCensnet/un_graph_def.tex
A tikzpicture has been optimized away. Use '/tikz/external/optimize=false' to d
isable this.
) (./figures/Chapter_LinealCensnet/di_graph_def.tex
A tikzpicture has been optimized away. Use '/tikz/external/optimize=false' to d
isable this.
)
Overfull \hbox (26.61829pt too wide) in paragraph at lines 28--31
 [][][] 
 []


LaTeX Warning: Reference `fig:graph_definition' on page 1 undefined on input li
ne 34.


LaTeX Warning: Reference `fig:undirected_graph_def' on page 1 undefined on inpu
t line 34.


LaTeX Warning: Reference `fig:direc_graph_def' on page 1 undefined on input lin
e 34.


Package natbib Warning: Citation `wilson_1972' on page 5 undefined on input lin
e 39.


Package natbib Warning: Citation `wilson_1972' on page 6 undefined on input lin
e 70.


Package natbib Warning: Citation `Hippert_Pedreira_Souza_2001' on page 7 undefi
ned on input line 98.


Package natbib Warning: Citation `Zhang_Eddy_Patuwo_Y_Hu_1998' on page 7 undefi
ned on input line 98.


LaTeX Warning: Reference `fig:FCNN_representation' on page 1 undefined on input
 line 130.

(./figures/Chapter_LinealCensnet/MLP_def.tex
A tikzpicture has been optimized away. Use '/tikz/external/optimize=false' to d
isable this.
)

Package natbib Warning: Citation `Jia_Wang_Shou_Hosseini_Bai_2023' on page 8 un
defined on input line 145.


Package natbib Warning: Citation `Gupta_Matta_Pant_2021' on page 8 undefined on
 input line 147.


Package natbib Warning: Citation `Liu_Wu_Liu_Hu_2021' on page 10 undefined on i
nput line 152.


Package natbib Warning: Citation `GRLB_Hamilton' on page 10 undefined on input 
line 155.


Package natbib Warning: Citation `Kipf:2016tc' on page 10 undefined on input li
ne 174.


Package natbib Warning: Citation `Fu_Wang_Liu_Liu_Zhou_You_Peng_Jing_2022' on p
age 12 undefined on input line 217.


Package natbib Warning: Citation `8954414' on page 12 undefined on input line 2
19.


Package natbib Warning: Citation `Guo_Zhang_Teng_Lu_2019' on page 12 undefined 
on input line 221.


Package natbib Warning: Citation `9224195' on page 12 undefined on input line 2
23.


LaTeX Warning: Reference `eq:well_limits' on page 1 undefined on input line 346
.


LaTeX Warning: Reference `eq:pipe_limits' on page 1 undefined on input line 346
.


LaTeX Warning: Reference `eq:dem_limit_gas' on page 1 undefined on input line 3
46.


LaTeX Warning: Reference `eq:gas_balance' on page 1 undefined on input line 346
.


LaTeX Warning: Reference `eq:sto_limit2' on page 1 undefined on input line 346.



LaTeX Warning: Reference `eq:sto_limit1' on page 1 undefined on input line 346.



LaTeX Warning: Reference `eq:sto_time' on page 1 undefined on input line 346.

(./figures/Chapter_LinealCensnet/model_description.tex
\openout4 = figures/external_figs/main-figure4.dpth
 [19

{/var/lib/texmf/fonts/map/pdftex/updmap/pdftex.map}])

Package natbib Warning: Citation `optuna_2019' on page 21 undefined on input li
ne 393.

)
\providecommand\hyper@newdestlabel[2]{}
(./chapters/Chapter_LinealCensnet_results.tex

LaTeX Warning: Reference `fig:results_dummy_base_node' on page 1 undefined on i
nput line 17.


LaTeX Warning: Reference `fig:results_dummy_base_f' on page 1 undefined on inpu
t line 28.

(./figures/Chapter_LinealCensnet/yn_dummy_base.tex
A tikzpicture has been optimized away. Use '/tikz/external/optimize=false' to d
isable this.
) (./figures/Chapter_LinealCensnet/yn_dummy_f.tex
A tikzpicture has been optimized away. Use '/tikz/external/optimize=false' to d
isable this.
)
Overfull \hbox (26.61829pt too wide) in paragraph at lines 58--61
 [][][] 
 []


LaTeX Warning: Reference `fig:results_dummy_node_base_f' on page 1 undefined on
 input line 95.


LaTeX Warning: Reference `fig:results_dummy_edge_base_f' on page 1 undefined on
 input line 95.


LaTeX Warning: Reference `fig:results_dummy_edge_base_f' on page 1 undefined on
 input line 95.

(./figures/Chapter_LinealCensnet/yn_dummy_base_f.tex
A tikzpicture has been optimized away. Use '/tikz/external/optimize=false' to d
isable this.
) (./figures/Chapter_LinealCensnet/ye_dummy_base_f.tex
A tikzpicture has been optimized away. Use '/tikz/external/optimize=false' to d
isable this.
)
Overfull \hbox (26.61829pt too wide) in paragraph at lines 103--106
 [][][] 
 []


LaTeX Warning: Reference `tab:dummy_base_f_results' on page 1 undefined on inpu
t line 147.


LaTeX Warning: Reference `tab:dummy_base_results' on page 1 undefined on input 
line 155.


LaTeX Warning: Reference `fig:yn_col_base' on page 1 undefined on input line 16
6.


LaTeX Warning: Reference `fig:ye_col_base' on page 1 undefined on input line 16
7.

(./figures/Chapter_LinealCensnet/yn_col_base.tex
A tikzpicture has been optimized away. Use '/tikz/external/optimize=false' to d
isable this.
) (./figures/Chapter_LinealCensnet/ye_col_base.tex
A tikzpicture has been optimized away. Use '/tikz/external/optimize=false' to d
isable this.
)
Overfull \hbox (26.61829pt too wide) in paragraph at lines 173--176
 [][][] 
 []


LaTeX Warning: Reference `fig:yn_col_base_f' on page 1 undefined on input line 
204.


LaTeX Warning: Reference `fig:ye_col_base_f' on page 1 undefined on input line 
204.

(./figures/Chapter_LinealCensnet/yn_col_base_f.tex
A tikzpicture has been optimized away. Use '/tikz/external/optimize=false' to d
isable this.
) (./figures/Chapter_LinealCensnet/ye_col_base_f.tex
A tikzpicture has been optimized away. Use '/tikz/external/optimize=false' to d
isable this.
)
Overfull \hbox (26.61829pt too wide) in paragraph at lines 211--214
 [][][] 
 []

)
\providecommand\hyper@newdestlabel[2]{}
(./chapters/Chapter_MPCC.tex
Chapter 3.

Package natbib Warning: Citation `WANG2019113410' on page 30 undefined on input
 line 6.


Package natbib Warning: Citation `DC_flow' on page 30 undefined on input line 6
.


Package natbib Warning: Citation `DC_flow2' on page 30 undefined on input line 
6.


LaTeX Warning: Reference `eq:obj_func_integrated' on page 1 undefined on input 
line 18.


LaTeX Warning: Reference `eq:obj_func_integrated' on page 1 undefined on input 
line 20.


LaTeX Warning: Reference `eq:gen_limits' on page 1 undefined on input line 22.


LaTeX Warning: Reference `eq:line_limits' on page 1 undefined on input line 22.



LaTeX Warning: Reference `eq:dc_power_flow' on page 1 undefined on input line 2
2.


LaTeX Warning: Reference `eq:dem_limit_power' on page 1 undefined on input line
 22.


LaTeX Warning: Reference `eq:voltage_angle_limits' on page 1 undefined on input
 line 22.


LaTeX Warning: Reference `eq:power_balance' on page 1 undefined on input line 2
2.


Overfull \hbox (205.89098pt too wide) has occurred while \output is active
\TU/lmr/m/sl/12 CHAP-TER 3.  OP-TI-MIZA-TION US-ING MATH-E-MAT-I-CAL PRO-GRAMS 
WITH COM-PLE-MEN-TAR-ITY CON-STRAINTS \TU/lmr/m/n/12 31
 []


LaTeX Warning: Reference `eq:gas_power_relation' on page 1 undefined on input l
ine 36.


Package natbib Warning: Citation `weymouth_nonconvex' on page 32 undefined on i
nput line 59.


Package natbib Warning: Citation `baumrucker_renfro_biegler_2008' on page 32 un
defined on input line 59.


Overfull \hbox (205.89098pt too wide) has occurred while \output is active
\TU/lmr/m/sl/12 CHAP-TER 3.  OP-TI-MIZA-TION US-ING MATH-E-MAT-I-CAL PRO-GRAMS 
WITH COM-PLE-MEN-TAR-ITY CON-STRAINTS \TU/lmr/m/n/12 32
 []


LaTeX Warning: Reference `eq:complementarity' on page 1 undefined on input line
 71.


Package natbib Warning: Citation `MPCC_advantages' on page 33 undefined on inpu
t line 71.


Package natbib Warning: Citation `Hintermller_Kopacka_2009' on page 33 undefi
ned on input line 71.


Package natbib Warning: Citation `Hante_Schmidt_2019' on page 33 undefined on i
nput line 71.


Package natbib Warning: Citation `MPCC_lack_properties' on page 33 undefined on
 input line 86.


Overfull \hbox (205.89098pt too wide) has occurred while \output is active
\TU/lmr/m/sl/12 CHAP-TER 3.  OP-TI-MIZA-TION US-ING MATH-E-MAT-I-CAL PRO-GRAMS 
WITH COM-PLE-MEN-TAR-ITY CON-STRAINTS \TU/lmr/m/n/12 33
 []


Package natbib Warning: Citation `Bergmann_Herzog_2019' on page 34 undefined on
 input line 90.


Overfull \hbox (9.18613pt too wide) in paragraph at lines 103--103
[]\TU/lmr/bx/n/14.4 Mangasarian-Fromovitz Con-straint Qual-i-fi-ca-tion (MFCQ) 

 []


Package natbib Warning: Citation `BertsekasDimitriP1999Np/D' on page 34 undefin
ed on input line 105.


Overfull \hbox (205.89098pt too wide) has occurred while \output is active
\TU/lmr/m/sl/12 CHAP-TER 3.  OP-TI-MIZA-TION US-ING MATH-E-MAT-I-CAL PRO-GRAMS 
WITH COM-PLE-MEN-TAR-ITY CON-STRAINTS \TU/lmr/m/n/12 34
 []


Package natbib Warning: Citation `Bouza_Still_2007' on page 35 undefined on inp
ut line 121.


Package natbib Warning: Citation `Scholtes_2001' on page 35 undefined on input 
line 121.


Package natbib Warning: Citation `Scheel_Scholtes_2000' on page 35 undefined on
 input line 121.


Package natbib Warning: Citation `Ralph_Wright_2004' on page 35 undefined on in
put line 135.


Package natbib Warning: Citation `ORDOUDIS2019642' on page 35 undefined on inpu
t line 138.


Package natbib Warning: Citation `soc_paper' on page 35 undefined on input line
 138.


Overfull \hbox (205.89098pt too wide) has occurred while \output is active
\TU/lmr/m/sl/12 CHAP-TER 3.  OP-TI-MIZA-TION US-ING MATH-E-MAT-I-CAL PRO-GRAMS 
WITH COM-PLE-MEN-TAR-ITY CON-STRAINTS \TU/lmr/m/n/12 35
 []


LaTeX Warning: Reference `eq:obj_func_integrated' on page 1 undefined on input 
line 140.


LaTeX Warning: Reference `eq:weymouth_cons' on page 1 undefined on input line 1
40.


LaTeX Warning: Reference `fig:8-9 network' on page 1 undefined on input line 15
0.

The command '\includegraphics [scale=0.7]{figures/Chapter_MPCC/8 node 9 bus net
work.png}' has been optimized away. Use '/tikz/external/optimize=false' to disa
ble this.

Package natbib Warning: Citation `Wilson_poly' on page 36 undefined on input li
ne 154.


Package natbib Warning: Citation `Wilson_poly' on page 36 undefined on input li
ne 154.


LaTeX Warning: Reference `fig:blue_test_cost' on page 1 undefined on input line
 159.


Overfull \hbox (205.89098pt too wide) has occurred while \output is active
\TU/lmr/m/sl/12 CHAP-TER 3.  OP-TI-MIZA-TION US-ING MATH-E-MAT-I-CAL PRO-GRAMS 
WITH COM-PLE-MEN-TAR-ITY CON-STRAINTS \TU/lmr/m/n/12 36
 []


LaTeX Warning: Reference `fig:blue_test_boxplot' on page 1 undefined on input l
ine 161.

The command '\includegraphics [scale=1]{figures/Chapter_MPCC/g001.pdf}' has bee
n optimized away. Use '/tikz/external/optimize=false' to disable this.
The command '\includegraphics [scale=0.98]{figures/Chapter_MPCC/g002.pdf}' has 
been optimized away. Use '/tikz/external/optimize=false' to disable this.

Package natbib Warning: Citation `WANG201970' on page 37 undefined on input lin
e 183.


Package natbib Warning: Citation `Conejo' on page 37 undefined on input line 18
3.


LaTeX Warning: Reference `fig:green_test_cost' on page 1 undefined on input lin
e 185.


Package natbib Warning: Citation `ZHAO2023129010' on page 37 undefined on input
 line 185.


Overfull \hbox (205.89098pt too wide) has occurred while \output is active
\TU/lmr/m/sl/12 CHAP-TER 3.  OP-TI-MIZA-TION US-ING MATH-E-MAT-I-CAL PRO-GRAMS 
WITH COM-PLE-MEN-TAR-ITY CON-STRAINTS \TU/lmr/m/n/12 37
 []

The command '\includegraphics [scale=1]{figures/Chapter_MPCC/g003.pdf}' has bee
n optimized away. Use '/tikz/external/optimize=false' to disable this.

LaTeX Warning: Reference `fig:green_test_error' on page 1 undefined on input li
ne 195.

The command '\includegraphics [scale=1.05]{figures/Chapter_MPCC/g004.pdf}' has 
been optimized away. Use '/tikz/external/optimize=false' to disable this.

Overfull \hbox (205.89098pt too wide) has occurred while \output is active
\TU/lmr/m/sl/12 CHAP-TER 3.  OP-TI-MIZA-TION US-ING MATH-E-MAT-I-CAL PRO-GRAMS 
WITH COM-PLE-MEN-TAR-ITY CON-STRAINTS \TU/lmr/m/n/12 38
 []


LaTeX Warning: Reference `fig:red_test_cost' on page 1 undefined on input line 
214.

The command '\includegraphics [scale=0.98]{figures/Chapter_MPCC/g005.pdf}' has 
been optimized away. Use '/tikz/external/optimize=false' to disable this.

LaTeX Warning: Reference `fig:red_test_error' on page 1 undefined on input line
 223.


LaTeX Warning: Reference `fig:red_test_error' on page 1 undefined on input line
 223.


LaTeX Warning: Reference `fig:red_test_error' on page 1 undefined on input line
 223.

The command '\includegraphics [scale=0.98]{figures/Chapter_MPCC/g006.pdf}' has 
been optimized away. Use '/tikz/external/optimize=false' to disable this.

Overfull \hbox (205.89098pt too wide) has occurred while \output is active
\TU/lmr/m/sl/12 CHAP-TER 3.  OP-TI-MIZA-TION US-ING MATH-E-MAT-I-CAL PRO-GRAMS 
WITH COM-PLE-MEN-TAR-ITY CON-STRAINTS \TU/lmr/m/n/12 39
 []


LaTeX Warning: Reference `fig:red_test_error' on page 1 undefined on input line
 231.


LaTeX Warning: Reference `fig:red_test_heatmaps' on page 1 undefined on input l
ine 231.


LaTeX Warning: Reference `fig:red_test_heatmaps' on page 1 undefined on input l
ine 233.


LaTeX Warning: Reference `fig:red_test_heatmaps' on page 1 undefined on input l
ine 233.


LaTeX Warning: Reference `fig:red_test_heatmaps' on page 1 undefined on input l
ine 233.

The command '\includegraphics [scale=1.03]{figures/Chapter_MPCC/g007.pdf}' has 
been optimized away. Use '/tikz/external/optimize=false' to disable this.

LaTeX Warning: Reference `fig:red_test_heatmaps' on page 1 undefined on input l
ine 247.


LaTeX Warning: Reference `fig:red_test_error' on page 1 undefined on input line
 247.


LaTeX Warning: Reference `fig:96 63partial network' on page 1 undefined on inpu
t line 247.

The command '\includegraphics [scale=1.5]{figures/Chapter_MPCC/partial_network}
' has been optimized away. Use '/tikz/external/optimize=false' to disable this.


Overfull \hbox (205.89098pt too wide) has occurred while \output is active
\TU/lmr/m/sl/12 CHAP-TER 3.  OP-TI-MIZA-TION US-ING MATH-E-MAT-I-CAL PRO-GRAMS 
WITH COM-PLE-MEN-TAR-ITY CON-STRAINTS \TU/lmr/m/n/12 40
 []


Overfull \hbox (205.89098pt too wide) has occurred while \output is active
\TU/lmr/m/sl/12 CHAP-TER 3.  OP-TI-MIZA-TION US-ING MATH-E-MAT-I-CAL PRO-GRAMS 
WITH COM-PLE-MEN-TAR-ITY CON-STRAINTS \TU/lmr/m/n/12 41
 []


Package natbib Warning: Citation `DING2024123275' on page 42 undefined on input
 line 272.

)
Overfull \hbox (205.89098pt too wide) has occurred while \output is active
\TU/lmr/m/sl/12 CHAP-TER 3.  OP-TI-MIZA-TION US-ING MATH-E-MAT-I-CAL PRO-GRAMS 
WITH COM-PLE-MEN-TAR-ITY CON-STRAINTS \TU/lmr/m/n/12 42
 []

\providecommand\hyper@newdestlabel[2]{}
(./chapters/Chapter_NonLinealCensnet.tex
Chapter 4.
)
Chapter 5.
No file figures/external_figs/main-figure4.bbl.

Package natbib Warning: There were undefined citations.


LaTeX Warning: There were undefined references.

)

Here is how much of LuaTeX's memory you used:
 58583 strings out of 478285
 125016,7087374 words of node,token memory allocated
 864 words of node memory still in use:
   7 hlist, 2 vlist, 2 rule, 2 glue, 4 kern, 4 sub_mlist, 1 glyph, 106 attribute
, 64 glue_spec, 54 attribute_list, 2 write nodes
   avail lists: 1:9,2:1861,3:965,4:39,5:491,6:30,7:7297,8:60,9:1282,10:26,11:694
 77067 multiletter control sequences out of 65536+600000
 57 fonts using 4367071 bytes
 103i,16n,118p,2160b,1094s stack positions out of 10000i,1000n,20000p,200000b,200000s
</usr/share/texlive/texmf-dist/fonts/opentype/public/lm/lmroman12-regular.otf></
usr/share/texlive/texmf-dist/fonts/type1/public/amsfonts/cm/cmmi12.pfb></usr/sha
re/texlive/texmf-dist/fonts/type1/public/amsfonts/cm/cmmi8.pfb></usr/share/texli
ve/texmf-dist/fonts/type1/public/amsfonts/cm/cmr8.pfb></usr/share/texlive/texmf-
dist/fonts/type1/public/amsfonts/cm/cmsy10.pfb></usr/share/texlive/texmf-dist/fo
nts/type1/public/amsfonts/cm/cmsy8.pfb></usr/share/texlive/texmf-dist/fonts/type
1/public/amsfonts/symbols/msbm10.pfb>
Output written on figures/external_figs/main-figure4.pdf (1 page, 47141 bytes).

PDF statistics: 47 PDF objects out of 1000 (max. 8388607)
 33 compressed objects within 1 object stream
 1 named destinations out of 1000 (max. 131072)
 16 words of extra memory for PDF output out of 10000 (max. 100000000)

